     1                                  ; hello-os
     2                                  ; TAB=4
     3                                  
     4                                  		ORG		0x7c00			; 指明程序装载地址
     5                                  
     6                                  ; 标准FAT12格式软盘专用的代码 Stand FAT12 format floppy code
     7                                  
     8 00000000 EB4E                    		JMP		entry
     9 00000002 90                      		DB		0x90
    10 00000003 48454C4C4F49504C        		DB		"HELLOIPL"		; 启动扇区名称（8字节）
    11 0000000B 0002                    		DW		512				; 每个扇区（sector）大小（必须512字节）
    12 0000000D 01                      		DB		1				; 簇（cluster）大小（必须为1个扇区）
    13 0000000E 0100                    		DW		1				; FAT起始位置（一般为第一个扇区）
    14 00000010 02                      		DB		2				; FAT个数（必须为2）
    15 00000011 E000                    		DW		224				; 根目录大小（一般为224项）
    16 00000013 400B                    		DW		2880			; 该磁盘大小（必须为2880扇区1440*1024/512）
    17 00000015 F0                      		DB		0xf0			; 磁盘类型（必须为0xf0）
    18 00000016 0900                    		DW		9				; FAT的长度（必??9扇区）
    19 00000018 1200                    		DW		18				; 一个磁道（track）有几个扇区（必须为18）
    20 0000001A 0200                    		DW		2				; 磁头数（必??2）
    21 0000001C 00000000                		DD		0				; 不使用分区，必须是0
    22 00000020 400B0000                		DD		2880			; 重写一次磁盘大小
    23 00000024 000029                  		DB		0,0,0x29		; 意义不明（固定）
    24 00000027 FFFFFFFF                		DD		0xffffffff		; （可能是）卷标号码
    25 0000002B 48454C4C4F2D4F5320-     		DB		"HELLO-OS   "	; 磁盘的名称（必须为11字?，不足填空格）
    25 00000034 2020               
    26 00000036 4641543132202020        		DB		"FAT12   "		; 磁盘格式名称（必??8字?，不足填空格）
    27                                  		;RESB	18				; 先空出18字节
    28 0000003E 00<rep 12h>             		TIMES	18 DB 0		    ; NASMでは警告が出るので修正
    29                                  
    30                                  ; 程序主体
    31                                  
    32                                  entry:
    33 00000050 B80000                  		MOV		AX,0			; 初始化寄存器
    34 00000053 8ED0                    		MOV		SS,AX
    35 00000055 BC007C                  		MOV		SP,0x7c00
    36 00000058 8ED8                    		MOV		DS,AX
    37 0000005A 8EC0                    		MOV		ES,AX
    38                                  
    39 0000005C BE[7400]                		MOV		SI,msg
    40                                  putloop:
    41 0000005F 8A04                    		MOV		AL,[SI]
    42 00000061 83C601                  		ADD		SI,1			; 给SI加1
    43 00000064 3C00                    		CMP		AL,0
    44 00000066 7409                    		JE		fin
    45 00000068 B40E                    		MOV		AH,0x0e			; 显示一个文字
    46 0000006A BB0F00                  		MOV		BX,15			; 指定字符颜色
    47 0000006D CD10                    		INT		0x10			; 调用显卡BIOS
    48 0000006F EBEE                    		JMP		putloop
    49                                  fin:
    50 00000071 F4                      		HLT						; 让CPU停止，等待指令
    51 00000072 EBFD                    		JMP		fin				; 无限循环
    52                                  
    53                                  msg:
    54 00000074 0A0A                    		DB		0x0a, 0x0a		; 换行两次
    55 00000076 68656C6C6F2C20776F-     		DB		"hello, world"
    55 0000007F 726C64             
    56 00000082 0A                      		DB		0x0a			; 换行
    57 00000083 00                      		DB		0
    58                                  
    59                                  		;RESB	0x7dfe-$		; 填写0x00直到0x001fe
    60 00000084 00<rep 17Ah>            		TIMES	0x1fe-($-$$) DB 0	;NASM用に修正 $から$-$$に、RESBからTIMES DB0へ
    61                                  
    62 000001FE 55AA                    		DB		0x55, 0xaa
    63                                  
    64                                  ;; 以下はブートセクタ以外の部分の記述
    65                                  ;
    66                                  ;		DB		0xf0, 0xff, 0xff, 0x00, 0x00, 0x00, 0x00, 0x00
    67                                  ;		;RESB	4600
    68                                  ;		TIMES	4600 DB 0		; NASMでは警告が出るので修正
    69                                  ;		DB		0xf0, 0xff, 0xff, 0x00, 0x00, 0x00, 0x00, 0x00
    70                                  ;		;RESB	1469432
    71                                  ;		TIMES	1469432 DB 0	; NASMでは警告が出るので修正
